# JRE version: Java(TM) SE Runtime Environment (8.0_60-b27) (build 1.8.0_60-b27)
# Java VM: Java HotSpot(TM) 64-Bit Server VM (25.60-b23 mixed mode windows-amd64 compressed oops)
Heap:
 PSYoungGen      total 321024K, used 38657K [0x00000000eab00000, 0x0000000100000000, 0x0000000100000000)
  eden space 303104K, 6% used [0x00000000eab00000,0x00000000ebf40548,0x00000000fd300000)
  from space 17920K, 99% used [0x00000000feb80000,0x00000000ffcfff28,0x00000000ffd00000)
  to   space 23040K, 0% used [0x00000000fd300000,0x00000000fd300000,0x00000000fe980000)
 ParOldGen       total 74752K, used 25782K [0x00000000c0000000, 0x00000000c4900000, 0x00000000eab00000)
  object space 74752K, 34% used [0x00000000c0000000,0x00000000c192d940,0x00000000c4900000)
 Metaspace       used 42141K, capacity 43444K, committed 43648K, reserved 1087488K
  class space    used 5849K, capacity 6196K, committed 6272K, reserved 1048576K
GC Heap History (10 events):
Event: 4.808 GC heap before
{Heap before GC invocations=8 (full 1):
 PSYoungGen      total 127488K, used 118208K [0x00000000eab00000, 0x00000000f3600000, 0x0000000100000000)
  eden space 116224K, 100% used [0x00000000eab00000,0x00000000f1c80000,0x00000000f1c80000)
  from space 11264K, 17% used [0x00000000f2780000,0x00000000f2970030,0x00000000f3280000)
  to   space 11264K, 0% used [0x00000000f1c80000,0x00000000f1c80000,0x00000000f2780000)
 ParOldGen       total 59392K, used 7944K [0x00000000c0000000, 0x00000000c3a00000, 0x00000000eab00000)
  object space 59392K, 13% used [0x00000000c0000000,0x00000000c07c2328,0x00000000c3a00000)
 Metaspace       used 26847K, capacity 27426K, committed 27648K, reserved 1073152K
  class space    used 3626K, capacity 3773K, committed 3840K, reserved 1048576K
Event: 4.815 GC heap after
Heap after GC invocations=8 (full 1):
 PSYoungGen      total 127488K, used 10889K [0x00000000eab00000, 0x00000000f8b80000, 0x0000000100000000)
  eden space 116224K, 0% used [0x00000000eab00000,0x00000000eab00000,0x00000000f1c80000)
  from space 11264K, 96% used [0x00000000f1c80000,0x00000000f2722428,0x00000000f2780000)
  to   space 13312K, 0% used [0x00000000f7e80000,0x00000000f7e80000,0x00000000f8b80000)
 ParOldGen       total 59392K, used 7952K [0x00000000c0000000, 0x00000000c3a00000, 0x00000000eab00000)
  object space 59392K, 13% used [0x00000000c0000000,0x00000000c07c4328,0x00000000c3a00000)
 Metaspace       used 26847K, capacity 27426K, committed 27648K, reserved 1073152K
  class space    used 3626K, capacity 3773K, committed 3840K, reserved 1048576K
}
Event: 6.325 GC heap before
{Heap before GC invocations=9 (full 1):
 PSYoungGen      total 127488K, used 127113K [0x00000000eab00000, 0x00000000f8b80000, 0x0000000100000000)
  eden space 116224K, 100% used [0x00000000eab00000,0x00000000f1c80000,0x00000000f1c80000)
  from space 11264K, 96% used [0x00000000f1c80000,0x00000000f2722428,0x00000000f2780000)
  to   space 13312K, 0% used [0x00000000f7e80000,0x00000000f7e80000,0x00000000f8b80000)
 ParOldGen       total 59392K, used 7952K [0x00000000c0000000, 0x00000000c3a00000, 0x00000000eab00000)
  object space 59392K, 13% used [0x00000000c0000000,0x00000000c07c4328,0x00000000c3a00000)
 Metaspace       used 34536K, capacity 35296K, committed 35496K, reserved 1079296K
  class space    used 4632K, capacity 4834K, committed 4864K, reserved 1048576K
Event: 6.342 GC heap after
Heap after GC invocations=9 (full 1):
 PSYoungGen      total 211968K, used 13288K [0x00000000eab00000, 0x00000000f8e00000, 0x0000000100000000)
  eden space 198656K, 0% used [0x00000000eab00000,0x00000000eab00000,0x00000000f6d00000)
  from space 13312K, 99% used [0x00000000f7e80000,0x00000000f8b7a288,0x00000000f8b80000)
  to   space 16896K, 0% used [0x00000000f6d00000,0x00000000f6d00000,0x00000000f7d80000)
 ParOldGen       total 59392K, used 10675K [0x00000000c0000000, 0x00000000c3a00000, 0x00000000eab00000)
  object space 59392K, 17% used [0x00000000c0000000,0x00000000c0a6cf48,0x00000000c3a00000)
 Metaspace       used 34536K, capacity 35296K, committed 35496K, reserved 1079296K
  class space    used 4632K, capacity 4834K, committed 4864K, reserved 1048576K
}
Event: 6.344 GC heap before
{Heap before GC invocations=10 (full 1):
 PSYoungGen      total 211968K, used 17026K [0x00000000eab00000, 0x00000000f8e00000, 0x0000000100000000)
  eden space 198656K, 1% used [0x00000000eab00000,0x00000000eaea67c0,0x00000000f6d00000)
  from space 13312K, 99% used [0x00000000f7e80000,0x00000000f8b7a288,0x00000000f8b80000)
  to   space 16896K, 0% used [0x00000000f6d00000,0x00000000f6d00000,0x00000000f7d80000)
 ParOldGen       total 59392K, used 10675K [0x00000000c0000000, 0x00000000c3a00000, 0x00000000eab00000)
  object space 59392K, 17% used [0x00000000c0000000,0x00000000c0a6cf48,0x00000000c3a00000)
 Metaspace       used 34544K, capacity 35296K, committed 35496K, reserved 1079296K
  class space    used 4633K, capacity 4834K, committed 4864K, reserved 1048576K
Event: 6.354 GC heap after
Heap after GC invocations=10 (full 1):
 PSYoungGen      total 215552K, used 12708K [0x00000000eab00000, 0x00000000ffd00000, 0x0000000100000000)
  eden space 198656K, 0% used [0x00000000eab00000,0x00000000eab00000,0x00000000f6d00000)
  from space 16896K, 75% used [0x00000000f6d00000,0x00000000f7969390,0x00000000f7d80000)
  to   space 17920K, 0% used [0x00000000feb80000,0x00000000feb80000,0x00000000ffd00000)
 ParOldGen       total 59392K, used 11307K [0x00000000c0000000, 0x00000000c3a00000, 0x00000000eab00000)
  object space 59392K, 19% used [0x00000000c0000000,0x00000000c0b0af88,0x00000000c3a00000)
 Metaspace       used 34544K, capacity 35296K, committed 35496K, reserved 1079296K
  class space    used 4633K, capacity 4834K, committed 4864K, reserved 1048576K
}
Event: 6.354 GC heap before
{Heap before GC invocations=11 (full 2):
 PSYoungGen      total 215552K, used 12708K [0x00000000eab00000, 0x00000000ffd00000, 0x0000000100000000)
  eden space 198656K, 0% used [0x00000000eab00000,0x00000000eab00000,0x00000000f6d00000)
  from space 16896K, 75% used [0x00000000f6d00000,0x00000000f7969390,0x00000000f7d80000)
  to   space 17920K, 0% used [0x00000000feb80000,0x00000000feb80000,0x00000000ffd00000)
 ParOldGen       total 59392K, used 11307K [0x00000000c0000000, 0x00000000c3a00000, 0x00000000eab00000)
  object space 59392K, 19% used [0x00000000c0000000,0x00000000c0b0af88,0x00000000c3a00000)
 Metaspace       used 34544K, capacity 35296K, committed 35496K, reserved 1079296K
  class space    used 4633K, capacity 4834K, committed 4864K, reserved 1048576K
Event: 6.448 GC heap after
Heap after GC invocations=11 (full 2):
 PSYoungGen      total 215552K, used 0K [0x00000000eab00000, 0x00000000ffd00000, 0x0000000100000000)
  eden space 198656K, 0% used [0x00000000eab00000,0x00000000eab00000,0x00000000f6d00000)
  from space 16896K, 0% used [0x00000000f6d00000,0x00000000f6d00000,0x00000000f7d80000)
  to   space 17920K, 0% used [0x00000000feb80000,0x00000000feb80000,0x00000000ffd00000)
 ParOldGen       total 74752K, used 20008K [0x00000000c0000000, 0x00000000c4900000, 0x00000000eab00000)
  object space 74752K, 26% used [0x00000000c0000000,0x00000000c138a190,0x00000000c4900000)
 Metaspace       used 34524K, capacity 35274K, committed 35496K, reserved 1079296K
  class space    used 4627K, capacity 4828K, committed 4864K, reserved 1048576K
}
Event: 8.028 GC heap before
{Heap before GC invocations=12 (full 2):
 PSYoungGen      total 215552K, used 198656K [0x00000000eab00000, 0x00000000ffd00000, 0x0000000100000000)
  eden space 198656K, 100% used [0x00000000eab00000,0x00000000f6d00000,0x00000000f6d00000)
  from space 16896K, 0% used [0x00000000f6d00000,0x00000000f6d00000,0x00000000f7d80000)
  to   space 17920K, 0% used [0x00000000feb80000,0x00000000feb80000,0x00000000ffd00000)
 ParOldGen       total 74752K, used 20008K [0x00000000c0000000, 0x00000000c4900000, 0x00000000eab00000)
  object space 74752K, 26% used [0x00000000c0000000,0x00000000c138a190,0x00000000c4900000)
 Metaspace       used 41736K, capacity 43106K, committed 43392K, reserved 1087488K
  class space    used 5777K, capacity 6156K, committed 6272K, reserved 1048576K
Event: 8.047 GC heap after
Heap after GC invocations=12 (full 2):
 PSYoungGen      total 321024K, used 17919K [0x00000000eab00000, 0x0000000100000000, 0x0000000100000000)
  eden space 303104K, 0% used [0x00000000eab00000,0x00000000eab00000,0x00000000fd300000)
  from space 17920K, 99% used [0x00000000feb80000,0x00000000ffcfff28,0x00000000ffd00000)
  to   space 23040K, 0% used [0x00000000fd300000,0x00000000fd300000,0x00000000fe980000)
 ParOldGen       total 74752K, used 25782K [0x00000000c0000000, 0x00000000c4900000, 0x00000000eab00000)
  object space 74752K, 34% used [0x00000000c0000000,0x00000000c192d940,0x00000000c4900000)
 Metaspace       used 41736K, capacity 43106K, committed 43392K, reserved 1087488K
  class space    used 5777K, capacity 6156K, committed 6272K, reserved 1048576K
}

