# JRE version: Java(TM) SE Runtime Environment (8.0_60-b27) (build 1.8.0_60-b27)
# Java VM: Java HotSpot(TM) 64-Bit Server VM (25.60-b23 mixed mode windows-amd64 compressed oops)
Heap:
 PSYoungGen      total 181248K, used 92109K [0x00000000eab00000, 0x00000000f9200000, 0x0000000100000000)
  eden space 162304K, 45% used [0x00000000eab00000,0x00000000ef2e50f0,0x00000000f4980000)
  from space 18944K, 97% used [0x00000000f7f80000,0x00000000f918e508,0x00000000f9200000)
  to   space 23552K, 0% used [0x00000000f6400000,0x00000000f6400000,0x00000000f7b00000)
 ParOldGen       total 106496K, used 38341K [0x00000000c0000000, 0x00000000c6800000, 0x00000000eab00000)
  object space 106496K, 36% used [0x00000000c0000000,0x00000000c2571670,0x00000000c6800000)
 Metaspace       used 52916K, capacity 55522K, committed 55680K, reserved 1097728K
  class space    used 7167K, capacity 7727K, committed 7808K, reserved 1048576K
GC Heap History (10 events):
Event: 5.624 GC heap before
{Heap before GC invocations=13 (full 2):
 PSYoungGen      total 182784K, used 98578K [0x00000000eab00000, 0x00000000f7300000, 0x0000000100000000)
  eden space 166912K, 49% used [0x00000000eab00000,0x00000000efbc8fe0,0x00000000f4e00000)
  from space 15872K, 99% used [0x00000000f6200000,0x00000000f717ba00,0x00000000f7180000)
  to   space 18944K, 0% used [0x00000000f4e00000,0x00000000f4e00000,0x00000000f6080000)
 ParOldGen       total 106496K, used 21925K [0x00000000c0000000, 0x00000000c6800000, 0x00000000eab00000)
  object space 106496K, 20% used [0x00000000c0000000,0x00000000c1569470,0x00000000c6800000)
 Metaspace       used 42743K, capacity 44330K, committed 44544K, reserved 1087488K
  class space    used 5950K, capacity 6348K, committed 6400K, reserved 1048576K
Event: 5.637 GC heap after
Heap after GC invocations=13 (full 2):
 PSYoungGen      total 185856K, used 18936K [0x00000000eab00000, 0x00000000f7b00000, 0x0000000100000000)
  eden space 166912K, 0% used [0x00000000eab00000,0x00000000eab00000,0x00000000f4e00000)
  from space 18944K, 99% used [0x00000000f4e00000,0x00000000f607e310,0x00000000f6080000)
  to   space 23040K, 0% used [0x00000000f6480000,0x00000000f6480000,0x00000000f7b00000)
 ParOldGen       total 106496K, used 25334K [0x00000000c0000000, 0x00000000c6800000, 0x00000000eab00000)
  object space 106496K, 23% used [0x00000000c0000000,0x00000000c18bd990,0x00000000c6800000)
 Metaspace       used 42743K, capacity 44330K, committed 44544K, reserved 1087488K
  class space    used 5950K, capacity 6348K, committed 6400K, reserved 1048576K
}
Event: 5.637 GC heap before
{Heap before GC invocations=14 (full 3):
 PSYoungGen      total 185856K, used 18936K [0x00000000eab00000, 0x00000000f7b00000, 0x0000000100000000)
  eden space 166912K, 0% used [0x00000000eab00000,0x00000000eab00000,0x00000000f4e00000)
  from space 18944K, 99% used [0x00000000f4e00000,0x00000000f607e310,0x00000000f6080000)
  to   space 23040K, 0% used [0x00000000f6480000,0x00000000f6480000,0x00000000f7b00000)
 ParOldGen       total 106496K, used 25334K [0x00000000c0000000, 0x00000000c6800000, 0x00000000eab00000)
  object space 106496K, 23% used [0x00000000c0000000,0x00000000c18bd990,0x00000000c6800000)
 Metaspace       used 42743K, capacity 44330K, committed 44544K, reserved 1087488K
  class space    used 5950K, capacity 6348K, committed 6400K, reserved 1048576K
Event: 5.777 GC heap after
Heap after GC invocations=14 (full 3):
 PSYoungGen      total 185856K, used 0K [0x00000000eab00000, 0x00000000f7b00000, 0x0000000100000000)
  eden space 166912K, 0% used [0x00000000eab00000,0x00000000eab00000,0x00000000f4e00000)
  from space 18944K, 0% used [0x00000000f4e00000,0x00000000f4e00000,0x00000000f6080000)
  to   space 23040K, 0% used [0x00000000f6480000,0x00000000f6480000,0x00000000f7b00000)
 ParOldGen       total 106496K, used 38317K [0x00000000c0000000, 0x00000000c6800000, 0x00000000eab00000)
  object space 106496K, 35% used [0x00000000c0000000,0x00000000c256b670,0x00000000c6800000)
 Metaspace       used 42743K, capacity 44330K, committed 44544K, reserved 1087488K
  class space    used 5950K, capacity 6348K, committed 6400K, reserved 1048576K
}
Event: 18.430 GC heap before
{Heap before GC invocations=15 (full 3):
 PSYoungGen      total 185856K, used 166912K [0x00000000eab00000, 0x00000000f7b00000, 0x0000000100000000)
  eden space 166912K, 100% used [0x00000000eab00000,0x00000000f4e00000,0x00000000f4e00000)
  from space 18944K, 0% used [0x00000000f4e00000,0x00000000f4e00000,0x00000000f6080000)
  to   space 23040K, 0% used [0x00000000f6480000,0x00000000f6480000,0x00000000f7b00000)
 ParOldGen       total 106496K, used 38317K [0x00000000c0000000, 0x00000000c6800000, 0x00000000eab00000)
  object space 106496K, 35% used [0x00000000c0000000,0x00000000c256b670,0x00000000c6800000)
 Metaspace       used 45261K, capacity 47118K, committed 47232K, reserved 1089536K
  class space    used 6250K, capacity 6690K, committed 6784K, reserved 1048576K
Event: 18.460 GC heap after
Heap after GC invocations=15 (full 3):
 PSYoungGen      total 190464K, used 5040K [0x00000000eab00000, 0x00000000f9980000, 0x0000000100000000)
  eden space 167424K, 0% used [0x00000000eab00000,0x00000000eab00000,0x00000000f4e80000)
  from space 23040K, 21% used [0x00000000f6480000,0x00000000f696c020,0x00000000f7b00000)
  to   space 22528K, 0% used [0x00000000f4e80000,0x00000000f4e80000,0x00000000f6480000)
 ParOldGen       total 106496K, used 38325K [0x00000000c0000000, 0x00000000c6800000, 0x00000000eab00000)
  object space 106496K, 35% used [0x00000000c0000000,0x00000000c256d670,0x00000000c6800000)
 Metaspace       used 45261K, capacity 47118K, committed 47232K, reserved 1089536K
  class space    used 6250K, capacity 6690K, committed 6784K, reserved 1048576K
}
Event: 20.987 GC heap before
{Heap before GC invocations=16 (full 3):
 PSYoungGen      total 190464K, used 172464K [0x00000000eab00000, 0x00000000f9980000, 0x0000000100000000)
  eden space 167424K, 100% used [0x00000000eab00000,0x00000000f4e80000,0x00000000f4e80000)
  from space 23040K, 21% used [0x00000000f6480000,0x00000000f696c020,0x00000000f7b00000)
  to   space 22528K, 0% used [0x00000000f4e80000,0x00000000f4e80000,0x00000000f6480000)
 ParOldGen       total 106496K, used 38325K [0x00000000c0000000, 0x00000000c6800000, 0x00000000eab00000)
  object space 106496K, 35% used [0x00000000c0000000,0x00000000c256d670,0x00000000c6800000)
 Metaspace       used 46227K, capacity 48504K, committed 48640K, reserved 1091584K
  class space    used 6344K, capacity 6827K, committed 6912K, reserved 1048576K
Event: 20.998 GC heap after
Heap after GC invocations=16 (full 3):
 PSYoungGen      total 189952K, used 8713K [0x00000000eab00000, 0x00000000f9400000, 0x0000000100000000)
  eden space 167424K, 0% used [0x00000000eab00000,0x00000000eab00000,0x00000000f4e80000)
  from space 22528K, 38% used [0x00000000f4e80000,0x00000000f5702720,0x00000000f6480000)
  to   space 20992K, 0% used [0x00000000f7f80000,0x00000000f7f80000,0x00000000f9400000)
 ParOldGen       total 106496K, used 38333K [0x00000000c0000000, 0x00000000c6800000, 0x00000000eab00000)
  object space 106496K, 35% used [0x00000000c0000000,0x00000000c256f670,0x00000000c6800000)
 Metaspace       used 46227K, capacity 48504K, committed 48640K, reserved 1091584K
  class space    used 6344K, capacity 6827K, committed 6912K, reserved 1048576K
}
Event: 4388.894 GC heap before
{Heap before GC invocations=17 (full 3):
 PSYoungGen      total 189952K, used 176137K [0x00000000eab00000, 0x00000000f9400000, 0x0000000100000000)
  eden space 167424K, 100% used [0x00000000eab00000,0x00000000f4e80000,0x00000000f4e80000)
  from space 22528K, 38% used [0x00000000f4e80000,0x00000000f5702720,0x00000000f6480000)
  to   space 20992K, 0% used [0x00000000f7f80000,0x00000000f7f80000,0x00000000f9400000)
 ParOldGen       total 106496K, used 38333K [0x00000000c0000000, 0x00000000c6800000, 0x00000000eab00000)
  object space 106496K, 35% used [0x00000000c0000000,0x00000000c256f670,0x00000000c6800000)
 Metaspace       used 47742K, capacity 50330K, committed 50432K, reserved 1093632K
  class space    used 6513K, capacity 7084K, committed 7168K, reserved 1048576K
Event: 4388.953 GC heap after
Heap after GC invocations=17 (full 3):
 PSYoungGen      total 181248K, used 18489K [0x00000000eab00000, 0x00000000f9200000, 0x0000000100000000)
  eden space 162304K, 0% used [0x00000000eab00000,0x00000000eab00000,0x00000000f4980000)
  from space 18944K, 97% used [0x00000000f7f80000,0x00000000f918e508,0x00000000f9200000)
  to   space 23552K, 0% used [0x00000000f6400000,0x00000000f6400000,0x00000000f7b00000)
 ParOldGen       total 106496K, used 38341K [0x00000000c0000000, 0x00000000c6800000, 0x00000000eab00000)
  object space 106496K, 36% used [0x00000000c0000000,0x00000000c2571670,0x00000000c6800000)
 Metaspace       used 47742K, capacity 50330K, committed 50432K, reserved 1093632K
  class space    used 6513K, capacity 7084K, committed 7168K, reserved 1048576K
}

